<?xml version="1.0" encoding="UTF-8"?>
<testsuite xmlns:xsi="http://www.w3.org/2001/XMLSchema-instance" xsi:noNamespaceSchemaLocation="https://maven.apache.org/surefire/maven-surefire-plugin/xsd/surefire-test-report-3.0.xsd" version="3.0" name="Erfassen von Arbeitszeiten im System" time="0.349" tests="7" errors="0" skipped="0" failures="0">
  <properties>
[...]
</properties>
  <testcase name="Berechnung der gesetzlich vorgeschriebenen Pausenzeiten #1" classname="Erfassen von Arbeitszeiten im System" time="0.218"/>
  <testcase name="Berechnung der gesetzlich vorgeschriebenen Pausenzeiten #2" classname="Erfassen von Arbeitszeiten im System" time="0.087"/>
  <testcase name="Berechnung der gesetzlich vorgeschriebenen Pausenzeiten #3" classname="Erfassen von Arbeitszeiten im System" time="0.011"/>
  <testcase name="Berechnung der gesetzlich vorgeschriebenen Pausenzeiten #4" classname="Erfassen von Arbeitszeiten im System" time="0"/>
  <testcase name="Berechnung der gesetzlich vorgeschriebenen Pausenzeiten #5" classname="Erfassen von Arbeitszeiten im System" time="0.011"/>
  <testcase name="Berechnung der gesetzlich vorgeschriebenen Pausenzeiten #6" classname="Erfassen von Arbeitszeiten im System" time="0"/>
  <testcase name="Berechnung der gesetzlich vorgeschriebenen Pausenzeiten #7" classname="Erfassen von Arbeitszeiten im System" time="0.008"/>
</testsuite>